<?xml version="1.0" encoding="UTF-8"?>
<testsuite name="Tests" tests="1" skipped="0" failures="0" errors="0" timestamp="2022-07-17T19:12:14" hostname="grey2k-zbook" time="0.048">
  <properties/>
  <testcase name="start" classname="Tests" time="0.048"/>
  <system-out><![CDATA[?[1;31m
Start test 1?[0m
Hello! My name is JB Bobby Bot
]]></system-out>
  <system-err><![CDATA[]]></system-err>
</testsuite>
